The target system is: WASI - 1 - wasm32
The host system is: Linux - 5.4.0-1095-azure - x86_64
Compiling the C compiler identification source file "CMakeCCompilerId.c" succeeded.
Compiler: /opt/wasi-sdk/bin/clang 
Build flags: 
Id flags: -c;--target=wasm32-wasi 

The output was:
0


Compilation of the C compiler identification source "CMakeCCompilerId.c" produced "CMakeCCompilerId.o"

The C compiler identification is Clang, found in "/usr/src/app/cscore/cscore-common/Wasm/mongoose/build/CMakeFiles/3.25.0/CompilerIdC/CMakeCCompilerId.o"

Compiling the CXX compiler identification source file "CMakeCXXCompilerId.cpp" succeeded.
Compiler: /opt/wasi-sdk/bin/clang++ 
Build flags: 
Id flags: -c;--target=wasm32-wasi 

The output was:
0


Compilation of the CXX compiler identification source "CMakeCXXCompilerId.cpp" produced "CMakeCXXCompilerId.o"

The CXX compiler identification is Clang, found in "/usr/src/app/cscore/cscore-common/Wasm/mongoose/build/CMakeFiles/3.25.0/CompilerIdCXX/CMakeCXXCompilerId.o"

Detecting C compiler ABI info compiled with the following output:
Change Dir: /usr/src/app/cscore/cscore-common/Wasm/mongoose/build/CMakeFiles/CMakeScratch/TryCompile-M4bCRR

Run Build Command(s):/usr/bin/gmake -f Makefile cmTC_8e62e/fast && /usr/bin/gmake  -f CMakeFiles/cmTC_8e62e.dir/build.make CMakeFiles/cmTC_8e62e.dir/build
gmake[1]: Entering directory '/usr/src/app/cscore/cscore-common/Wasm/mongoose/build/CMakeFiles/CMakeScratch/TryCompile-M4bCRR'
Building C object CMakeFiles/cmTC_8e62e.dir/CMakeCCompilerABI.c.obj
/opt/wasi-sdk/bin/clang --target=wasm32-wasi --sysroot=/opt/wasi-sdk/share/wasi-sysroot/   -v -MD -MT CMakeFiles/cmTC_8e62e.dir/CMakeCCompilerABI.c.obj -MF CMakeFiles/cmTC_8e62e.dir/CMakeCCompilerABI.c.obj.d -o CMakeFiles/cmTC_8e62e.dir/CMakeCCompilerABI.c.obj -c /usr/local/lib/python3.10/dist-packages/cmake/data/share/cmake-3.25/Modules/CMakeCCompilerABI.c
clang version 14.0.4 (https://github.com/llvm/llvm-project 29f1039a7285a5c3a9c353d054140bf2556d4c4d)
Target: wasm32-unknown-wasi
Thread model: posix
InstalledDir: /opt/wasi-sdk/bin
 (in-process)
 "/opt/wasi-sdk/bin/clang-14" -cc1 -triple wasm32-unknown-wasi -emit-obj -mrelax-all --mrelax-relocations -disable-free -clear-ast-before-backend -disable-llvm-verifier -discard-value-names -main-file-name CMakeCCompilerABI.c -mrelocation-model static -mframe-pointer=none -ffp-contract=on -fno-rounding-math -mconstructor-aliases -target-cpu generic -fvisibility hidden -mllvm -treat-scalable-fixed-error-as-warning -debugger-tuning=gdb -v -fcoverage-compilation-dir=/usr/src/app/cscore/cscore-common/Wasm/mongoose/build/CMakeFiles/CMakeScratch/TryCompile-M4bCRR -resource-dir /opt/wasi-sdk/lib/clang/14.0.4 -dependency-file CMakeFiles/cmTC_8e62e.dir/CMakeCCompilerABI.c.obj.d -MT CMakeFiles/cmTC_8e62e.dir/CMakeCCompilerABI.c.obj -sys-header-deps -isysroot /opt/wasi-sdk/share/wasi-sysroot/ -internal-isystem /opt/wasi-sdk/lib/clang/14.0.4/include -internal-isystem /opt/wasi-sdk/share/wasi-sysroot//include/wasm32-wasi -internal-isystem /opt/wasi-sdk/share/wasi-sysroot//include -fdebug-compilation-dir=/usr/src/app/cscore/cscore-common/Wasm/mongoose/build/CMakeFiles/CMakeScratch/TryCompile-M4bCRR -ferror-limit 19 -fgnuc-version=4.2.1 -o CMakeFiles/cmTC_8e62e.dir/CMakeCCompilerABI.c.obj -x c /usr/local/lib/python3.10/dist-packages/cmake/data/share/cmake-3.25/Modules/CMakeCCompilerABI.c
clang -cc1 version 14.0.4 based upon LLVM 14.0.4 default target wasm32-wasi
ignoring nonexistent directory "/opt/wasi-sdk/share/wasi-sysroot//include/wasm32-wasi"
#include "..." search starts here:
#include <...> search starts here:
 /opt/wasi-sdk/lib/clang/14.0.4/include
 /opt/wasi-sdk/share/wasi-sysroot//include
End of search list.
Linking C executable cmTC_8e62e
/usr/local/lib/python3.10/dist-packages/cmake/data/bin/cmake -E cmake_link_script CMakeFiles/cmTC_8e62e.dir/link.txt --verbose=1
/opt/wasi-sdk/bin/clang --target=wasm32-wasi --sysroot=/opt/wasi-sdk/share/wasi-sysroot/  -v CMakeFiles/cmTC_8e62e.dir/CMakeCCompilerABI.c.obj -o cmTC_8e62e 
clang version 14.0.4 (https://github.com/llvm/llvm-project 29f1039a7285a5c3a9c353d054140bf2556d4c4d)
Target: wasm32-unknown-wasi
Thread model: posix
InstalledDir: /opt/wasi-sdk/bin
 "/opt/wasi-sdk/bin/wasm-ld" -m wasm32 -L/opt/wasi-sdk/share/wasi-sysroot//lib/wasm32-wasi /opt/wasi-sdk/share/wasi-sysroot//lib/wasm32-wasi/crt1-command.o CMakeFiles/cmTC_8e62e.dir/CMakeCCompilerABI.c.obj -lc /opt/wasi-sdk/lib/clang/14.0.4/lib/wasi/libclang_rt.builtins-wasm32.a -o cmTC_8e62e
gmake[1]: Leaving directory '/usr/src/app/cscore/cscore-common/Wasm/mongoose/build/CMakeFiles/CMakeScratch/TryCompile-M4bCRR'



Parsed C implicit include dir info from above output: rv=done
  found start of include info
  found start of implicit include info
    add: [/opt/wasi-sdk/lib/clang/14.0.4/include]
    add: [/opt/wasi-sdk/share/wasi-sysroot//include]
  end of search list found
  collapse include dir [/opt/wasi-sdk/lib/clang/14.0.4/include] ==> [/opt/wasi-sdk/lib/clang/14.0.4/include]
  collapse include dir [/opt/wasi-sdk/share/wasi-sysroot//include] ==> [/opt/wasi-sdk/share/wasi-sysroot/include]
  implicit include dirs: [/opt/wasi-sdk/lib/clang/14.0.4/include;/opt/wasi-sdk/share/wasi-sysroot/include]


Parsed C implicit link information from above output:
  link line regex: [^( *|.*[/\])(ld\.lld|CMAKE_LINK_STARTFILE-NOTFOUND|([^/\]+-)?ld|collect2)[^/\]*( |$)]
  ignore line: [Change Dir: /usr/src/app/cscore/cscore-common/Wasm/mongoose/build/CMakeFiles/CMakeScratch/TryCompile-M4bCRR]
  ignore line: []
  ignore line: [Run Build Command(s):/usr/bin/gmake -f Makefile cmTC_8e62e/fast && /usr/bin/gmake  -f CMakeFiles/cmTC_8e62e.dir/build.make CMakeFiles/cmTC_8e62e.dir/build]
  ignore line: [gmake[1]: Entering directory '/usr/src/app/cscore/cscore-common/Wasm/mongoose/build/CMakeFiles/CMakeScratch/TryCompile-M4bCRR']
  ignore line: [Building C object CMakeFiles/cmTC_8e62e.dir/CMakeCCompilerABI.c.obj]
  ignore line: [/opt/wasi-sdk/bin/clang --target=wasm32-wasi --sysroot=/opt/wasi-sdk/share/wasi-sysroot/   -v -MD -MT CMakeFiles/cmTC_8e62e.dir/CMakeCCompilerABI.c.obj -MF CMakeFiles/cmTC_8e62e.dir/CMakeCCompilerABI.c.obj.d -o CMakeFiles/cmTC_8e62e.dir/CMakeCCompilerABI.c.obj -c /usr/local/lib/python3.10/dist-packages/cmake/data/share/cmake-3.25/Modules/CMakeCCompilerABI.c]
  ignore line: [clang version 14.0.4 (https://github.com/llvm/llvm-project 29f1039a7285a5c3a9c353d054140bf2556d4c4d)]
  ignore line: [Target: wasm32-unknown-wasi]
  ignore line: [Thread model: posix]
  ignore line: [InstalledDir: /opt/wasi-sdk/bin]
  ignore line: [ (in-process)]
  ignore line: [ "/opt/wasi-sdk/bin/clang-14" -cc1 -triple wasm32-unknown-wasi -emit-obj -mrelax-all --mrelax-relocations -disable-free -clear-ast-before-backend -disable-llvm-verifier -discard-value-names -main-file-name CMakeCCompilerABI.c -mrelocation-model static -mframe-pointer=none -ffp-contract=on -fno-rounding-math -mconstructor-aliases -target-cpu generic -fvisibility hidden -mllvm -treat-scalable-fixed-error-as-warning -debugger-tuning=gdb -v -fcoverage-compilation-dir=/usr/src/app/cscore/cscore-common/Wasm/mongoose/build/CMakeFiles/CMakeScratch/TryCompile-M4bCRR -resource-dir /opt/wasi-sdk/lib/clang/14.0.4 -dependency-file CMakeFiles/cmTC_8e62e.dir/CMakeCCompilerABI.c.obj.d -MT CMakeFiles/cmTC_8e62e.dir/CMakeCCompilerABI.c.obj -sys-header-deps -isysroot /opt/wasi-sdk/share/wasi-sysroot/ -internal-isystem /opt/wasi-sdk/lib/clang/14.0.4/include -internal-isystem /opt/wasi-sdk/share/wasi-sysroot//include/wasm32-wasi -internal-isystem /opt/wasi-sdk/share/wasi-sysroot//include -fdebug-compilation-dir=/usr/src/app/cscore/cscore-common/Wasm/mongoose/build/CMakeFiles/CMakeScratch/TryCompile-M4bCRR -ferror-limit 19 -fgnuc-version=4.2.1 -o CMakeFiles/cmTC_8e62e.dir/CMakeCCompilerABI.c.obj -x c /usr/local/lib/python3.10/dist-packages/cmake/data/share/cmake-3.25/Modules/CMakeCCompilerABI.c]
  ignore line: [clang -cc1 version 14.0.4 based upon LLVM 14.0.4 default target wasm32-wasi]
  ignore line: [ignoring nonexistent directory "/opt/wasi-sdk/share/wasi-sysroot//include/wasm32-wasi"]
  ignore line: [#include "..." search starts here:]
  ignore line: [#include <...> search starts here:]
  ignore line: [ /opt/wasi-sdk/lib/clang/14.0.4/include]
  ignore line: [ /opt/wasi-sdk/share/wasi-sysroot//include]
  ignore line: [End of search list.]
  ignore line: [Linking C executable cmTC_8e62e]
  ignore line: [/usr/local/lib/python3.10/dist-packages/cmake/data/bin/cmake -E cmake_link_script CMakeFiles/cmTC_8e62e.dir/link.txt --verbose=1]
  ignore line: [/opt/wasi-sdk/bin/clang --target=wasm32-wasi --sysroot=/opt/wasi-sdk/share/wasi-sysroot/  -v CMakeFiles/cmTC_8e62e.dir/CMakeCCompilerABI.c.obj -o cmTC_8e62e ]
  ignore line: [clang version 14.0.4 (https://github.com/llvm/llvm-project 29f1039a7285a5c3a9c353d054140bf2556d4c4d)]
  ignore line: [Target: wasm32-unknown-wasi]
  ignore line: [Thread model: posix]
  ignore line: [InstalledDir: /opt/wasi-sdk/bin]
  link line: [ "/opt/wasi-sdk/bin/wasm-ld" -m wasm32 -L/opt/wasi-sdk/share/wasi-sysroot//lib/wasm32-wasi /opt/wasi-sdk/share/wasi-sysroot//lib/wasm32-wasi/crt1-command.o CMakeFiles/cmTC_8e62e.dir/CMakeCCompilerABI.c.obj -lc /opt/wasi-sdk/lib/clang/14.0.4/lib/wasi/libclang_rt.builtins-wasm32.a -o cmTC_8e62e]
    arg [/opt/wasi-sdk/bin/wasm-ld] ==> ignore
    arg [-m] ==> ignore
    arg [wasm32] ==> ignore
    arg [-L/opt/wasi-sdk/share/wasi-sysroot//lib/wasm32-wasi] ==> dir [/opt/wasi-sdk/share/wasi-sysroot//lib/wasm32-wasi]
    arg [/opt/wasi-sdk/share/wasi-sysroot//lib/wasm32-wasi/crt1-command.o] ==> obj [/opt/wasi-sdk/share/wasi-sysroot//lib/wasm32-wasi/crt1-command.o]
    arg [CMakeFiles/cmTC_8e62e.dir/CMakeCCompilerABI.c.obj] ==> ignore
    arg [-lc] ==> lib [c]
    arg [/opt/wasi-sdk/lib/clang/14.0.4/lib/wasi/libclang_rt.builtins-wasm32.a] ==> lib [/opt/wasi-sdk/lib/clang/14.0.4/lib/wasi/libclang_rt.builtins-wasm32.a]
    arg [-o] ==> ignore
    arg [cmTC_8e62e] ==> ignore
  remove lib [/opt/wasi-sdk/lib/clang/14.0.4/lib/wasi/libclang_rt.builtins-wasm32.a]
  collapse obj [/opt/wasi-sdk/share/wasi-sysroot//lib/wasm32-wasi/crt1-command.o] ==> [/opt/wasi-sdk/share/wasi-sysroot/lib/wasm32-wasi/crt1-command.o]
  collapse library dir [/opt/wasi-sdk/share/wasi-sysroot//lib/wasm32-wasi] ==> [/opt/wasi-sdk/share/wasi-sysroot/lib/wasm32-wasi]
  implicit libs: [c]
  implicit objs: [/opt/wasi-sdk/share/wasi-sysroot/lib/wasm32-wasi/crt1-command.o]
  implicit dirs: [/opt/wasi-sdk/share/wasi-sysroot/lib/wasm32-wasi]
  implicit fwks: []


Detecting CXX compiler ABI info compiled with the following output:
Change Dir: /usr/src/app/cscore/cscore-common/Wasm/mongoose/build/CMakeFiles/CMakeScratch/TryCompile-VIGMC0

Run Build Command(s):/usr/bin/gmake -f Makefile cmTC_7e606/fast && /usr/bin/gmake  -f CMakeFiles/cmTC_7e606.dir/build.make CMakeFiles/cmTC_7e606.dir/build
gmake[1]: Entering directory '/usr/src/app/cscore/cscore-common/Wasm/mongoose/build/CMakeFiles/CMakeScratch/TryCompile-VIGMC0'
Building CXX object CMakeFiles/cmTC_7e606.dir/CMakeCXXCompilerABI.cpp.obj
/opt/wasi-sdk/bin/clang++ --target=wasm32-wasi --sysroot=/opt/wasi-sdk/share/wasi-sysroot/   -v -MD -MT CMakeFiles/cmTC_7e606.dir/CMakeCXXCompilerABI.cpp.obj -MF CMakeFiles/cmTC_7e606.dir/CMakeCXXCompilerABI.cpp.obj.d -o CMakeFiles/cmTC_7e606.dir/CMakeCXXCompilerABI.cpp.obj -c /usr/local/lib/python3.10/dist-packages/cmake/data/share/cmake-3.25/Modules/CMakeCXXCompilerABI.cpp
clang version 14.0.4 (https://github.com/llvm/llvm-project 29f1039a7285a5c3a9c353d054140bf2556d4c4d)
Target: wasm32-unknown-wasi
Thread model: posix
InstalledDir: /opt/wasi-sdk/bin
 (in-process)
 "/opt/wasi-sdk/bin/clang-14" -cc1 -triple wasm32-unknown-wasi -emit-obj -mrelax-all --mrelax-relocations -disable-free -clear-ast-before-backend -disable-llvm-verifier -discard-value-names -main-file-name CMakeCXXCompilerABI.cpp -mrelocation-model static -mframe-pointer=none -ffp-contract=on -fno-rounding-math -mconstructor-aliases -target-cpu generic -fvisibility hidden -mllvm -treat-scalable-fixed-error-as-warning -debugger-tuning=gdb -v -fcoverage-compilation-dir=/usr/src/app/cscore/cscore-common/Wasm/mongoose/build/CMakeFiles/CMakeScratch/TryCompile-VIGMC0 -resource-dir /opt/wasi-sdk/lib/clang/14.0.4 -dependency-file CMakeFiles/cmTC_7e606.dir/CMakeCXXCompilerABI.cpp.obj.d -MT CMakeFiles/cmTC_7e606.dir/CMakeCXXCompilerABI.cpp.obj -sys-header-deps -isysroot /opt/wasi-sdk/share/wasi-sysroot/ -internal-isystem /opt/wasi-sdk/share/wasi-sysroot//include/wasm32-wasi/c++/v1 -internal-isystem /opt/wasi-sdk/share/wasi-sysroot//include/c++/v1 -internal-isystem /opt/wasi-sdk/lib/clang/14.0.4/include -internal-isystem /opt/wasi-sdk/share/wasi-sysroot//include/wasm32-wasi -internal-isystem /opt/wasi-sdk/share/wasi-sysroot//include -fdeprecated-macro -fdebug-compilation-dir=/usr/src/app/cscore/cscore-common/Wasm/mongoose/build/CMakeFiles/CMakeScratch/TryCompile-VIGMC0 -ferror-limit 19 -fgnuc-version=4.2.1 -fcxx-exceptions -fexceptions -o CMakeFiles/cmTC_7e606.dir/CMakeCXXCompilerABI.cpp.obj -x c++ /usr/local/lib/python3.10/dist-packages/cmake/data/share/cmake-3.25/Modules/CMakeCXXCompilerABI.cpp
clang -cc1 version 14.0.4 based upon LLVM 14.0.4 default target wasm32-wasi
ignoring nonexistent directory "/opt/wasi-sdk/share/wasi-sysroot//include/wasm32-wasi/c++/v1"
ignoring nonexistent directory "/opt/wasi-sdk/share/wasi-sysroot//include/wasm32-wasi"
#include "..." search starts here:
#include <...> search starts here:
 /opt/wasi-sdk/share/wasi-sysroot//include/c++/v1
 /opt/wasi-sdk/lib/clang/14.0.4/include
 /opt/wasi-sdk/share/wasi-sysroot//include
End of search list.
Linking CXX executable cmTC_7e606
/usr/local/lib/python3.10/dist-packages/cmake/data/bin/cmake -E cmake_link_script CMakeFiles/cmTC_7e606.dir/link.txt --verbose=1
/opt/wasi-sdk/bin/clang++ --target=wasm32-wasi --sysroot=/opt/wasi-sdk/share/wasi-sysroot/  -v CMakeFiles/cmTC_7e606.dir/CMakeCXXCompilerABI.cpp.obj -o cmTC_7e606 
clang version 14.0.4 (https://github.com/llvm/llvm-project 29f1039a7285a5c3a9c353d054140bf2556d4c4d)
Target: wasm32-unknown-wasi
Thread model: posix
InstalledDir: /opt/wasi-sdk/bin
 "/opt/wasi-sdk/bin/wasm-ld" -m wasm32 -L/opt/wasi-sdk/share/wasi-sysroot//lib/wasm32-wasi /opt/wasi-sdk/share/wasi-sysroot//lib/wasm32-wasi/crt1-command.o CMakeFiles/cmTC_7e606.dir/CMakeCXXCompilerABI.cpp.obj -lc++ -lc++abi -lc /opt/wasi-sdk/lib/clang/14.0.4/lib/wasi/libclang_rt.builtins-wasm32.a -o cmTC_7e606
gmake[1]: Leaving directory '/usr/src/app/cscore/cscore-common/Wasm/mongoose/build/CMakeFiles/CMakeScratch/TryCompile-VIGMC0'



Parsed CXX implicit include dir info from above output: rv=done
  found start of include info
  found start of implicit include info
    add: [/opt/wasi-sdk/share/wasi-sysroot//include/c++/v1]
    add: [/opt/wasi-sdk/lib/clang/14.0.4/include]
    add: [/opt/wasi-sdk/share/wasi-sysroot//include]
  end of search list found
  collapse include dir [/opt/wasi-sdk/share/wasi-sysroot//include/c++/v1] ==> [/opt/wasi-sdk/share/wasi-sysroot/include/c++/v1]
  collapse include dir [/opt/wasi-sdk/lib/clang/14.0.4/include] ==> [/opt/wasi-sdk/lib/clang/14.0.4/include]
  collapse include dir [/opt/wasi-sdk/share/wasi-sysroot//include] ==> [/opt/wasi-sdk/share/wasi-sysroot/include]
  implicit include dirs: [/opt/wasi-sdk/share/wasi-sysroot/include/c++/v1;/opt/wasi-sdk/lib/clang/14.0.4/include;/opt/wasi-sdk/share/wasi-sysroot/include]


Parsed CXX implicit link information from above output:
  link line regex: [^( *|.*[/\])(ld\.lld|CMAKE_LINK_STARTFILE-NOTFOUND|([^/\]+-)?ld|collect2)[^/\]*( |$)]
  ignore line: [Change Dir: /usr/src/app/cscore/cscore-common/Wasm/mongoose/build/CMakeFiles/CMakeScratch/TryCompile-VIGMC0]
  ignore line: []
  ignore line: [Run Build Command(s):/usr/bin/gmake -f Makefile cmTC_7e606/fast && /usr/bin/gmake  -f CMakeFiles/cmTC_7e606.dir/build.make CMakeFiles/cmTC_7e606.dir/build]
  ignore line: [gmake[1]: Entering directory '/usr/src/app/cscore/cscore-common/Wasm/mongoose/build/CMakeFiles/CMakeScratch/TryCompile-VIGMC0']
  ignore line: [Building CXX object CMakeFiles/cmTC_7e606.dir/CMakeCXXCompilerABI.cpp.obj]
  ignore line: [/opt/wasi-sdk/bin/clang++ --target=wasm32-wasi --sysroot=/opt/wasi-sdk/share/wasi-sysroot/   -v -MD -MT CMakeFiles/cmTC_7e606.dir/CMakeCXXCompilerABI.cpp.obj -MF CMakeFiles/cmTC_7e606.dir/CMakeCXXCompilerABI.cpp.obj.d -o CMakeFiles/cmTC_7e606.dir/CMakeCXXCompilerABI.cpp.obj -c /usr/local/lib/python3.10/dist-packages/cmake/data/share/cmake-3.25/Modules/CMakeCXXCompilerABI.cpp]
  ignore line: [clang version 14.0.4 (https://github.com/llvm/llvm-project 29f1039a7285a5c3a9c353d054140bf2556d4c4d)]
  ignore line: [Target: wasm32-unknown-wasi]
  ignore line: [Thread model: posix]
  ignore line: [InstalledDir: /opt/wasi-sdk/bin]
  ignore line: [ (in-process)]
  ignore line: [ "/opt/wasi-sdk/bin/clang-14" -cc1 -triple wasm32-unknown-wasi -emit-obj -mrelax-all --mrelax-relocations -disable-free -clear-ast-before-backend -disable-llvm-verifier -discard-value-names -main-file-name CMakeCXXCompilerABI.cpp -mrelocation-model static -mframe-pointer=none -ffp-contract=on -fno-rounding-math -mconstructor-aliases -target-cpu generic -fvisibility hidden -mllvm -treat-scalable-fixed-error-as-warning -debugger-tuning=gdb -v -fcoverage-compilation-dir=/usr/src/app/cscore/cscore-common/Wasm/mongoose/build/CMakeFiles/CMakeScratch/TryCompile-VIGMC0 -resource-dir /opt/wasi-sdk/lib/clang/14.0.4 -dependency-file CMakeFiles/cmTC_7e606.dir/CMakeCXXCompilerABI.cpp.obj.d -MT CMakeFiles/cmTC_7e606.dir/CMakeCXXCompilerABI.cpp.obj -sys-header-deps -isysroot /opt/wasi-sdk/share/wasi-sysroot/ -internal-isystem /opt/wasi-sdk/share/wasi-sysroot//include/wasm32-wasi/c++/v1 -internal-isystem /opt/wasi-sdk/share/wasi-sysroot//include/c++/v1 -internal-isystem /opt/wasi-sdk/lib/clang/14.0.4/include -internal-isystem /opt/wasi-sdk/share/wasi-sysroot//include/wasm32-wasi -internal-isystem /opt/wasi-sdk/share/wasi-sysroot//include -fdeprecated-macro -fdebug-compilation-dir=/usr/src/app/cscore/cscore-common/Wasm/mongoose/build/CMakeFiles/CMakeScratch/TryCompile-VIGMC0 -ferror-limit 19 -fgnuc-version=4.2.1 -fcxx-exceptions -fexceptions -o CMakeFiles/cmTC_7e606.dir/CMakeCXXCompilerABI.cpp.obj -x c++ /usr/local/lib/python3.10/dist-packages/cmake/data/share/cmake-3.25/Modules/CMakeCXXCompilerABI.cpp]
  ignore line: [clang -cc1 version 14.0.4 based upon LLVM 14.0.4 default target wasm32-wasi]
  ignore line: [ignoring nonexistent directory "/opt/wasi-sdk/share/wasi-sysroot//include/wasm32-wasi/c++/v1"]
  ignore line: [ignoring nonexistent directory "/opt/wasi-sdk/share/wasi-sysroot//include/wasm32-wasi"]
  ignore line: [#include "..." search starts here:]
  ignore line: [#include <...> search starts here:]
  ignore line: [ /opt/wasi-sdk/share/wasi-sysroot//include/c++/v1]
  ignore line: [ /opt/wasi-sdk/lib/clang/14.0.4/include]
  ignore line: [ /opt/wasi-sdk/share/wasi-sysroot//include]
  ignore line: [End of search list.]
  ignore line: [Linking CXX executable cmTC_7e606]
  ignore line: [/usr/local/lib/python3.10/dist-packages/cmake/data/bin/cmake -E cmake_link_script CMakeFiles/cmTC_7e606.dir/link.txt --verbose=1]
  ignore line: [/opt/wasi-sdk/bin/clang++ --target=wasm32-wasi --sysroot=/opt/wasi-sdk/share/wasi-sysroot/  -v CMakeFiles/cmTC_7e606.dir/CMakeCXXCompilerABI.cpp.obj -o cmTC_7e606 ]
  ignore line: [clang version 14.0.4 (https://github.com/llvm/llvm-project 29f1039a7285a5c3a9c353d054140bf2556d4c4d)]
  ignore line: [Target: wasm32-unknown-wasi]
  ignore line: [Thread model: posix]
  ignore line: [InstalledDir: /opt/wasi-sdk/bin]
  link line: [ "/opt/wasi-sdk/bin/wasm-ld" -m wasm32 -L/opt/wasi-sdk/share/wasi-sysroot//lib/wasm32-wasi /opt/wasi-sdk/share/wasi-sysroot//lib/wasm32-wasi/crt1-command.o CMakeFiles/cmTC_7e606.dir/CMakeCXXCompilerABI.cpp.obj -lc++ -lc++abi -lc /opt/wasi-sdk/lib/clang/14.0.4/lib/wasi/libclang_rt.builtins-wasm32.a -o cmTC_7e606]
    arg [/opt/wasi-sdk/bin/wasm-ld] ==> ignore
    arg [-m] ==> ignore
    arg [wasm32] ==> ignore
    arg [-L/opt/wasi-sdk/share/wasi-sysroot//lib/wasm32-wasi] ==> dir [/opt/wasi-sdk/share/wasi-sysroot//lib/wasm32-wasi]
    arg [/opt/wasi-sdk/share/wasi-sysroot//lib/wasm32-wasi/crt1-command.o] ==> obj [/opt/wasi-sdk/share/wasi-sysroot//lib/wasm32-wasi/crt1-command.o]
    arg [CMakeFiles/cmTC_7e606.dir/CMakeCXXCompilerABI.cpp.obj] ==> ignore
    arg [-lc++] ==> lib [c++]
    arg [-lc++abi] ==> lib [c++abi]
    arg [-lc] ==> lib [c]
    arg [/opt/wasi-sdk/lib/clang/14.0.4/lib/wasi/libclang_rt.builtins-wasm32.a] ==> lib [/opt/wasi-sdk/lib/clang/14.0.4/lib/wasi/libclang_rt.builtins-wasm32.a]
    arg [-o] ==> ignore
    arg [cmTC_7e606] ==> ignore
  remove lib [/opt/wasi-sdk/lib/clang/14.0.4/lib/wasi/libclang_rt.builtins-wasm32.a]
  collapse obj [/opt/wasi-sdk/share/wasi-sysroot//lib/wasm32-wasi/crt1-command.o] ==> [/opt/wasi-sdk/share/wasi-sysroot/lib/wasm32-wasi/crt1-command.o]
  collapse library dir [/opt/wasi-sdk/share/wasi-sysroot//lib/wasm32-wasi] ==> [/opt/wasi-sdk/share/wasi-sysroot/lib/wasm32-wasi]
  implicit libs: [c++;c++abi;c]
  implicit objs: [/opt/wasi-sdk/share/wasi-sysroot/lib/wasm32-wasi/crt1-command.o]
  implicit dirs: [/opt/wasi-sdk/share/wasi-sysroot/lib/wasm32-wasi]
  implicit fwks: []


